<?xml version="1.0" encoding="UTF-8"?>
<!-- Generated by org.testng.reporters.JUnitReportReporter -->
<testsuite hostname="Ayaz.local" failures="0" tests="3" name="test_runner.GoogleSearchRunner" time="2.835" errors="0" timestamp="25 Sep 2019 06:58:07 GMT" skipped="3">
  <testcase classname="test_runner.GoogleSearchRunner" name="runScenario" time="0.021">
    <skipped/>
  </testcase> <!-- runScenario -->
  <testcase classname="test_runner.GoogleSearchRunner" name="runScenario" time="0.003">
    <skipped/>
  </testcase> <!-- runScenario -->
  <testcase classname="test_runner.GoogleSearchRunner" name="runScenario" time="2.811">
    <skipped/>
  </testcase> <!-- runScenario -->
</testsuite> <!-- test_runner.GoogleSearchRunner -->
