<?xml version="1.0" encoding="UTF-8"?>
<!-- Generated by org.testng.reporters.JUnitReportReporter -->
<testsuite hostname="Ayaz.local" failures="1" tests="1" name="test_runner.BddRunner" time="5.201" errors="0" timestamp="25 Sep 2019 11:14:46 GMT" skipped="0">
  <testcase classname="test_runner.BddRunner" name="runScenario" time="5.201">
    <failure message="result title doesn&#039;t contain searched string expected [true] but found [false]" type="java.lang.AssertionError">
      <![CDATA[java.lang.AssertionError: result title doesn't contain searched string expected [true] but found [false]
]]>
    </failure>
  </testcase> <!-- runScenario -->
</testsuite> <!-- test_runner.BddRunner -->
